\BOOKMARK [0][-]{chapter.1}{\376\377\0001\000\040\000U\000s\000a\000g\000e\000:}{}% 1
\BOOKMARK [0][-]{chapter.2}{\376\377\0002\000\040\000N\000a\000m\000e\000s\000p\000a\000c\000e\000\040\000I\000n\000d\000e\000x}{}% 2
\BOOKMARK [1][-]{section.2.1}{\376\377\0002\000.\0001\000\040\000P\000a\000c\000k\000a\000g\000e\000s}{chapter.2}% 3
\BOOKMARK [0][-]{chapter.3}{\376\377\0003\000\040\000H\000i\000e\000r\000a\000r\000c\000h\000i\000c\000a\000l\000\040\000I\000n\000d\000e\000x}{}% 4
\BOOKMARK [1][-]{section.3.1}{\376\377\0003\000.\0001\000\040\000C\000l\000a\000s\000s\000\040\000H\000i\000e\000r\000a\000r\000c\000h\000y}{chapter.3}% 5
\BOOKMARK [0][-]{chapter.4}{\376\377\0004\000\040\000C\000l\000a\000s\000s\000\040\000I\000n\000d\000e\000x}{}% 6
\BOOKMARK [1][-]{section.4.1}{\376\377\0004\000.\0001\000\040\000C\000l\000a\000s\000s\000\040\000L\000i\000s\000t}{chapter.4}% 7
\BOOKMARK [0][-]{chapter.5}{\376\377\0005\000\040\000F\000i\000l\000e\000\040\000I\000n\000d\000e\000x}{}% 8
\BOOKMARK [1][-]{section.5.1}{\376\377\0005\000.\0001\000\040\000F\000i\000l\000e\000\040\000L\000i\000s\000t}{chapter.5}% 9
\BOOKMARK [0][-]{chapter.6}{\376\377\0006\000\040\000N\000a\000m\000e\000s\000p\000a\000c\000e\000\040\000D\000o\000c\000u\000m\000e\000n\000t\000a\000t\000i\000o\000n}{}% 10
\BOOKMARK [1][-]{section.6.1}{\376\377\0006\000.\0001\000\040\000r\000u\000n\000\137\000p\000i\000p\000e\000l\000i\000n\000e\000\040\000N\000a\000m\000e\000s\000p\000a\000c\000e\000\040\000R\000e\000f\000e\000r\000e\000n\000c\000e}{chapter.6}% 11
\BOOKMARK [2][-]{subsection.6.1.1}{\376\377\0006\000.\0001\000.\0001\000\040\000V\000a\000r\000i\000a\000b\000l\000e\000\040\000D\000o\000c\000u\000m\000e\000n\000t\000a\000t\000i\000o\000n}{section.6.1}% 12
\BOOKMARK [3][-]{subsubsection.6.1.1.1}{\376\377\0006\000.\0001\000.\0001\000.\0001\000\040\000a\000c\000t\000i\000o\000n}{subsection.6.1.1}% 13
\BOOKMARK [3][-]{subsubsection.6.1.1.2}{\376\377\0006\000.\0001\000.\0001\000.\0002\000\040\000a\000r\000g\000s}{subsection.6.1.1}% 14
\BOOKMARK [3][-]{subsubsection.6.1.1.3}{\376\377\0006\000.\0001\000.\0001\000.\0003\000\040\000h\000e\000l\000p}{subsection.6.1.1}% 15
\BOOKMARK [3][-]{subsubsection.6.1.1.4}{\376\377\0006\000.\0001\000.\0001\000.\0004\000\040\000p\000a\000r\000s\000e\000r}{subsection.6.1.1}% 16
\BOOKMARK [3][-]{subsubsection.6.1.1.5}{\376\377\0006\000.\0001\000.\0001\000.\0005\000\040\000s\000t\000r}{subsection.6.1.1}% 17
\BOOKMARK [3][-]{subsubsection.6.1.1.6}{\376\377\0006\000.\0001\000.\0001\000.\0006\000\040\000t\000y\000p\000e}{subsection.6.1.1}% 18
\BOOKMARK [1][-]{section.6.2}{\376\377\0006\000.\0002\000\040\000s\000c\000r\000i\000p\000t\000s\000\040\000N\000a\000m\000e\000s\000p\000a\000c\000e\000\040\000R\000e\000f\000e\000r\000e\000n\000c\000e}{chapter.6}% 19
\BOOKMARK [1][-]{section.6.3}{\376\377\0006\000.\0003\000\040\000s\000c\000r\000i\000p\000t\000s\000.\000c\000l\000e\000a\000n\000e\000r\000\040\000N\000a\000m\000e\000s\000p\000a\000c\000e\000\040\000R\000e\000f\000e\000r\000e\000n\000c\000e}{chapter.6}% 20
\BOOKMARK [2][-]{subsection.6.3.1}{\376\377\0006\000.\0003\000.\0001\000\040\000D\000e\000t\000a\000i\000l\000e\000d\000\040\000D\000e\000s\000c\000r\000i\000p\000t\000i\000o\000n}{section.6.3}% 21
\BOOKMARK [2][-]{subsection.6.3.2}{\376\377\0006\000.\0003\000.\0002\000\040\000F\000u\000n\000c\000t\000i\000o\000n\000\040\000D\000o\000c\000u\000m\000e\000n\000t\000a\000t\000i\000o\000n}{section.6.3}% 22
\BOOKMARK [3][-]{subsubsection.6.3.2.1}{\376\377\0006\000.\0003\000.\0002\000.\0001\000\040\000c\000h\000e\000c\000k\000\137\000c\000o\000r\000r\000e\000l\000a\000t\000e\000d\000\137\000c\000o\000l\000u\000m\000n\000\050\000\051}{subsection.6.3.2}% 23
\BOOKMARK [3][-]{subsubsection.6.3.2.2}{\376\377\0006\000.\0003\000.\0002\000.\0002\000\040\000c\000h\000e\000c\000k\000\137\000o\000u\000t\000l\000i\000e\000r\000s\000\050\000\051}{subsection.6.3.2}% 24
\BOOKMARK [3][-]{subsubsection.6.3.2.3}{\376\377\0006\000.\0003\000.\0002\000.\0003\000\040\000c\000r\000e\000a\000t\000e\000\137\000c\000o\000r\000r\000e\000l\000a\000t\000i\000o\000n\000\137\000g\000r\000a\000p\000h\000s\000\050\000\051}{subsection.6.3.2}% 25
\BOOKMARK [3][-]{subsubsection.6.3.2.4}{\376\377\0006\000.\0003\000.\0002\000.\0004\000\040\000c\000r\000e\000a\000t\000e\000\137\000m\000a\000s\000k\000\050\000\051}{subsection.6.3.2}% 26
\BOOKMARK [3][-]{subsubsection.6.3.2.5}{\376\377\0006\000.\0003\000.\0002\000.\0005\000\040\000g\000e\000t\000\137\000c\000o\000r\000r\000e\000l\000a\000t\000e\000d\000\137\000d\000e\000s\000c\000r\000i\000p\000t\000o\000r\000s\000\050\000\051}{subsection.6.3.2}% 27
\BOOKMARK [3][-]{subsubsection.6.3.2.6}{\376\377\0006\000.\0003\000.\0002\000.\0006\000\040\000g\000e\000t\000\137\000d\000u\000p\000l\000i\000c\000i\000t\000\137\000c\000o\000r\000r\000e\000l\000a\000t\000e\000d\000\137\000d\000e\000s\000c\000r\000i\000p\000t\000o\000r\000s\000\050\000\051}{subsection.6.3.2}% 28
\BOOKMARK [3][-]{subsubsection.6.3.2.7}{\376\377\0006\000.\0003\000.\0002\000.\0007\000\040\000l\000o\000a\000d\000\137\000d\000a\000t\000a\000\050\000\051}{subsection.6.3.2}% 29
\BOOKMARK [3][-]{subsubsection.6.3.2.8}{\376\377\0006\000.\0003\000.\0002\000.\0008\000\040\000m\000a\000i\000n\000\050\000\051}{subsection.6.3.2}% 30
\BOOKMARK [3][-]{subsubsection.6.3.2.9}{\376\377\0006\000.\0003\000.\0002\000.\0009\000\040\000p\000l\000o\000t\000\137\000c\000o\000r\000r\000e\000l\000a\000t\000i\000o\000n\000\137\000h\000e\000a\000t\000m\000a\000p\000\050\000\051}{subsection.6.3.2}% 31
\BOOKMARK [3][-]{subsubsection.6.3.2.10}{\376\377\0006\000.\0003\000.\0002\000.\0001\0000\000\040\000p\000r\000o\000c\000e\000s\000s\000\137\000c\000o\000n\000f\000i\000g\000\050\000\051}{subsection.6.3.2}% 32
\BOOKMARK [3][-]{subsubsection.6.3.2.11}{\376\377\0006\000.\0003\000.\0002\000.\0001\0001\000\040\000r\000e\000m\000o\000v\000e\000\137\000d\000u\000p\000l\000i\000c\000i\000t\000s\000\050\000\051}{subsection.6.3.2}% 33
\BOOKMARK [3][-]{subsubsection.6.3.2.12}{\376\377\0006\000.\0003\000.\0002\000.\0001\0002\000\040\000r\000e\000m\000o\000v\000e\000\137\000u\000s\000e\000l\000e\000s\000s\000\137\000c\000o\000l\000u\000m\000n\000s\000\050\000\051}{subsection.6.3.2}% 34
\BOOKMARK [3][-]{subsubsection.6.3.2.13}{\376\377\0006\000.\0003\000.\0002\000.\0001\0003\000\040\000s\000e\000t\000\137\000p\000r\000o\000p\000e\000r\000\137\000d\000a\000t\000a\000\137\000t\000y\000p\000e\000\050\000\051}{subsection.6.3.2}% 35
\BOOKMARK [3][-]{subsubsection.6.3.2.14}{\376\377\0006\000.\0003\000.\0002\000.\0001\0004\000\040\000u\000n\000i\000q\000u\000e\000\137\000c\000o\000u\000n\000t\000\050\000\051}{subsection.6.3.2}% 36
\BOOKMARK [2][-]{subsection.6.3.3}{\376\377\0006\000.\0003\000.\0003\000\040\000V\000a\000r\000i\000a\000b\000l\000e\000\040\000D\000o\000c\000u\000m\000e\000n\000t\000a\000t\000i\000o\000n}{section.6.3}% 37
\BOOKMARK [3][-]{subsubsection.6.3.3.1}{\376\377\0006\000.\0003\000.\0003\000.\0001\000\040\000a\000r\000g\000s}{subsection.6.3.3}% 38
\BOOKMARK [3][-]{subsubsection.6.3.3.2}{\376\377\0006\000.\0003\000.\0003\000.\0002\000\040\000i\000n\000p\000u\000t\000\137\000d\000a\000t\000a}{subsection.6.3.3}% 39
\BOOKMARK [3][-]{subsubsection.6.3.3.3}{\376\377\0006\000.\0003\000.\0003\000.\0003\000\040\000o\000u\000t\000p\000u\000t\000\137\000d\000a\000t\000a}{subsection.6.3.3}% 40
\BOOKMARK [3][-]{subsubsection.6.3.3.4}{\376\377\0006\000.\0003\000.\0003\000.\0004\000\040\000p\000r\000o\000j\000e\000c\000t\000\137\000d\000i\000r}{subsection.6.3.3}% 41
\BOOKMARK [3][-]{subsubsection.6.3.3.5}{\376\377\0006\000.\0003\000.\0003\000.\0005\000\040\000s\000c\000r\000i\000p\000t\000\137\000d\000i\000r}{subsection.6.3.3}% 42
\BOOKMARK [1][-]{section.6.4}{\376\377\0006\000.\0004\000\040\000s\000c\000r\000i\000p\000t\000s\000.\000c\000r\000a\000w\000l\000e\000r\000s\000\040\000N\000a\000m\000e\000s\000p\000a\000c\000e\000\040\000R\000e\000f\000e\000r\000e\000n\000c\000e}{chapter.6}% 43
\BOOKMARK [1][-]{section.6.5}{\376\377\0006\000.\0005\000\040\000s\000c\000r\000i\000p\000t\000s\000.\000c\000r\000a\000w\000l\000e\000r\000s\000.\000c\000r\000a\000w\000l\000e\000r\000\137\000o\000r\000c\000h\000e\000s\000t\000r\000a\000t\000o\000r\000\040\000N\000a\000m\000e\000s\000p\000a\000c\000e\000\040\000R\000e\000f\000e\000r\000e\000n\000c\000e}{chapter.6}% 44
\BOOKMARK [2][-]{subsection.6.5.1}{\376\377\0006\000.\0005\000.\0001\000\040\000F\000u\000n\000c\000t\000i\000o\000n\000\040\000D\000o\000c\000u\000m\000e\000n\000t\000a\000t\000i\000o\000n}{section.6.5}% 45
\BOOKMARK [3][-]{subsubsection.6.5.1.1}{\376\377\0006\000.\0005\000.\0001\000.\0001\000\040\000m\000a\000i\000n\000\050\000\051}{subsection.6.5.1}% 46
\BOOKMARK [1][-]{section.6.6}{\376\377\0006\000.\0006\000\040\000s\000c\000r\000i\000p\000t\000s\000.\000c\000r\000a\000w\000l\000e\000r\000s\000.\000d\000e\000p\000e\000n\000d\000e\000n\000c\000i\000e\000s\000\040\000N\000a\000m\000e\000s\000p\000a\000c\000e\000\040\000R\000e\000f\000e\000r\000e\000n\000c\000e}{chapter.6}% 47
\BOOKMARK [1][-]{section.6.7}{\376\377\0006\000.\0007\000\040\000s\000c\000r\000i\000p\000t\000s\000.\000c\000r\000a\000w\000l\000e\000r\000s\000.\000d\000e\000p\000e\000n\000d\000e\000n\000c\000i\000e\000s\000.\000p\000u\000b\000c\000h\000e\000m\000\040\000N\000a\000m\000e\000s\000p\000a\000c\000e\000\040\000R\000e\000f\000e\000r\000e\000n\000c\000e}{chapter.6}% 48
\BOOKMARK [2][-]{subsection.6.7.1}{\376\377\0006\000.\0007\000.\0001\000\040\000F\000u\000n\000c\000t\000i\000o\000n\000\040\000D\000o\000c\000u\000m\000e\000n\000t\000a\000t\000i\000o\000n}{section.6.7}% 49
\BOOKMARK [3][-]{subsubsection.6.7.1.1}{\376\377\0006\000.\0007\000.\0001\000.\0001\000\040\000c\000r\000a\000w\000l\000\050\000\051}{subsection.6.7.1}% 50
\BOOKMARK [1][-]{section.6.8}{\376\377\0006\000.\0008\000\040\000s\000c\000r\000i\000p\000t\000s\000.\000c\000r\000a\000w\000l\000e\000r\000s\000.\000d\000e\000p\000e\000n\000d\000e\000n\000c\000i\000e\000s\000.\000s\000w\000i\000s\000s\000a\000d\000m\000e\000\040\000N\000a\000m\000e\000s\000p\000a\000c\000e\000\040\000R\000e\000f\000e\000r\000e\000n\000c\000e}{chapter.6}% 51
\BOOKMARK [2][-]{subsection.6.8.1}{\376\377\0006\000.\0008\000.\0001\000\040\000F\000u\000n\000c\000t\000i\000o\000n\000\040\000D\000o\000c\000u\000m\000e\000n\000t\000a\000t\000i\000o\000n}{section.6.8}% 52
\BOOKMARK [3][-]{subsubsection.6.8.1.1}{\376\377\0006\000.\0008\000.\0001\000.\0001\000\040\000c\000r\000a\000w\000l\000\050\000\051}{subsection.6.8.1}% 53
\BOOKMARK [3][-]{subsubsection.6.8.1.2}{\376\377\0006\000.\0008\000.\0001\000.\0002\000\040\000i\000s\000\137\000f\000i\000l\000e\000\137\000d\000o\000w\000n\000l\000o\000a\000d\000e\000d\000\050\000\051}{subsection.6.8.1}% 54
\BOOKMARK [1][-]{section.6.9}{\376\377\0006\000.\0009\000\040\000s\000c\000r\000i\000p\000t\000s\000.\000c\000r\000a\000w\000l\000e\000r\000s\000.\000d\000e\000p\000e\000n\000d\000e\000n\000c\000i\000e\000s\000.\000s\000w\000i\000s\000s\000t\000a\000r\000g\000e\000t\000\040\000N\000a\000m\000e\000s\000p\000a\000c\000e\000\040\000R\000e\000f\000e\000r\000e\000n\000c\000e}{chapter.6}% 55
\BOOKMARK [2][-]{subsection.6.9.1}{\376\377\0006\000.\0009\000.\0001\000\040\000F\000u\000n\000c\000t\000i\000o\000n\000\040\000D\000o\000c\000u\000m\000e\000n\000t\000a\000t\000i\000o\000n}{section.6.9}% 56
\BOOKMARK [3][-]{subsubsection.6.9.1.1}{\376\377\0006\000.\0009\000.\0001\000.\0001\000\040\000c\000r\000a\000w\000l\000\050\000\051}{subsection.6.9.1}% 57
\BOOKMARK [3][-]{subsubsection.6.9.1.2}{\376\377\0006\000.\0009\000.\0001\000.\0002\000\040\000i\000s\000\137\000f\000i\000l\000e\000\137\000d\000o\000w\000n\000l\000o\000a\000d\000e\000d\000\050\000\051}{subsection.6.9.1}% 58
\BOOKMARK [1][-]{section.6.10}{\376\377\0006\000.\0001\0000\000\040\000s\000c\000r\000i\000p\000t\000s\000.\000m\000e\000r\000g\000e\000r\000\040\000N\000a\000m\000e\000s\000p\000a\000c\000e\000\040\000R\000e\000f\000e\000r\000e\000n\000c\000e}{chapter.6}% 59
\BOOKMARK [2][-]{subsection.6.10.1}{\376\377\0006\000.\0001\0000\000.\0001\000\040\000F\000u\000n\000c\000t\000i\000o\000n\000\040\000D\000o\000c\000u\000m\000e\000n\000t\000a\000t\000i\000o\000n}{section.6.10}% 60
\BOOKMARK [3][-]{subsubsection.6.10.1.1}{\376\377\0006\000.\0001\0000\000.\0001\000.\0001\000\040\000m\000e\000r\000g\000e\000\050\000\051}{subsection.6.10.1}% 61
\BOOKMARK [1][-]{section.6.11}{\376\377\0006\000.\0001\0001\000\040\000s\000c\000r\000i\000p\000t\000s\000.\000p\000i\000p\000e\000\137\000h\000a\000n\000d\000l\000e\000r\000\040\000N\000a\000m\000e\000s\000p\000a\000c\000e\000\040\000R\000e\000f\000e\000r\000e\000n\000c\000e}{chapter.6}% 62
\BOOKMARK [1][-]{section.6.12}{\376\377\0006\000.\0001\0002\000\040\000s\000c\000r\000i\000p\000t\000s\000.\000p\000o\000p\000u\000l\000a\000t\000e\000\137\000c\000h\000e\000m\000\040\000N\000a\000m\000e\000s\000p\000a\000c\000e\000\040\000R\000e\000f\000e\000r\000e\000n\000c\000e}{chapter.6}% 63
\BOOKMARK [2][-]{subsection.6.12.1}{\376\377\0006\000.\0001\0002\000.\0001\000\040\000F\000u\000n\000c\000t\000i\000o\000n\000\040\000D\000o\000c\000u\000m\000e\000n\000t\000a\000t\000i\000o\000n}{section.6.12}% 64
\BOOKMARK [3][-]{subsubsection.6.12.1.1}{\376\377\0006\000.\0001\0002\000.\0001\000.\0001\000\040\000p\000o\000p\000u\000l\000a\000t\000e\000\050\000\051}{subsection.6.12.1}% 65
\BOOKMARK [0][-]{chapter.7}{\376\377\0007\000\040\000C\000l\000a\000s\000s\000\040\000D\000o\000c\000u\000m\000e\000n\000t\000a\000t\000i\000o\000n}{}% 66
\BOOKMARK [1][-]{section.7.1}{\376\377\0007\000.\0001\000\040\000s\000c\000r\000i\000p\000t\000s\000.\000p\000i\000p\000e\000\137\000h\000a\000n\000d\000l\000e\000r\000.\000I\000g\000n\000o\000r\000e\000B\000r\000o\000k\000e\000n\000P\000i\000p\000e\000\040\000C\000l\000a\000s\000s\000\040\000R\000e\000f\000e\000r\000e\000n\000c\000e}{chapter.7}% 67
\BOOKMARK [2][-]{subsection.7.1.1}{\376\377\0007\000.\0001\000.\0001\000\040\000C\000o\000n\000s\000t\000r\000u\000c\000t\000o\000r\000\040\000\046\000\040\000D\000e\000s\000t\000r\000u\000c\000t\000o\000r\000\040\000D\000o\000c\000u\000m\000e\000n\000t\000a\000t\000i\000o\000n}{section.7.1}% 68
\BOOKMARK [3][-]{subsubsection.7.1.1.1}{\376\377\0007\000.\0001\000.\0001\000.\0001\000\040\000\137\000\137\000i\000n\000i\000t\000\137\000\137\000\050\000\051}{subsection.7.1.1}% 69
\BOOKMARK [2][-]{subsection.7.1.2}{\376\377\0007\000.\0001\000.\0002\000\040\000M\000e\000m\000b\000e\000r\000\040\000D\000a\000t\000a\000\040\000D\000o\000c\000u\000m\000e\000n\000t\000a\000t\000i\000o\000n}{section.7.1}% 70
\BOOKMARK [3][-]{subsubsection.7.1.2.1}{\376\377\0007\000.\0001\000.\0002\000.\0001\000\040\000f\000l\000u\000s\000h}{subsection.7.1.2}% 71
\BOOKMARK [3][-]{subsubsection.7.1.2.2}{\376\377\0007\000.\0001\000.\0002\000.\0002\000\040\000s\000t\000r\000e\000a\000m}{subsection.7.1.2}% 72
\BOOKMARK [3][-]{subsubsection.7.1.2.3}{\376\377\0007\000.\0001\000.\0002\000.\0003\000\040\000w\000r\000i\000t\000e}{subsection.7.1.2}% 73
\BOOKMARK [0][-]{chapter.8}{\376\377\0008\000\040\000F\000i\000l\000e\000\040\000D\000o\000c\000u\000m\000e\000n\000t\000a\000t\000i\000o\000n}{}% 74
\BOOKMARK [1][-]{section.8.1}{\376\377\0008\000.\0001\000\040\000R\000E\000A\000D\000M\000E\000.\000m\000d\000\040\000F\000i\000l\000e\000\040\000R\000e\000f\000e\000r\000e\000n\000c\000e}{chapter.8}% 75
\BOOKMARK [1][-]{section.8.2}{\376\377\0008\000.\0002\000\040\000r\000u\000n\000\137\000p\000i\000p\000e\000l\000i\000n\000e\000.\000p\000y\000\040\000F\000i\000l\000e\000\040\000R\000e\000f\000e\000r\000e\000n\000c\000e}{chapter.8}% 76
\BOOKMARK [1][-]{section.8.3}{\376\377\0008\000.\0003\000\040\000s\000c\000r\000i\000p\000t\000s\000/\000\137\000\137\000i\000n\000i\000t\000\137\000\137\000.\000p\000y\000\040\000F\000i\000l\000e\000\040\000R\000e\000f\000e\000r\000e\000n\000c\000e}{chapter.8}% 77
\BOOKMARK [1][-]{section.8.4}{\376\377\0008\000.\0004\000\040\000s\000c\000r\000i\000p\000t\000s\000/\000c\000r\000a\000w\000l\000e\000r\000s\000/\000\137\000\137\000i\000n\000i\000t\000\137\000\137\000.\000p\000y\000\040\000F\000i\000l\000e\000\040\000R\000e\000f\000e\000r\000e\000n\000c\000e}{chapter.8}% 78
\BOOKMARK [1][-]{section.8.5}{\376\377\0008\000.\0005\000\040\000s\000c\000r\000i\000p\000t\000s\000/\000c\000r\000a\000w\000l\000e\000r\000s\000/\000d\000e\000p\000e\000n\000d\000e\000n\000c\000i\000e\000s\000/\000\137\000\137\000i\000n\000i\000t\000\137\000\137\000.\000p\000y\000\040\000F\000i\000l\000e\000\040\000R\000e\000f\000e\000r\000e\000n\000c\000e}{chapter.8}% 79
\BOOKMARK [1][-]{section.8.6}{\376\377\0008\000.\0006\000\040\000s\000c\000r\000i\000p\000t\000s\000/\000c\000l\000e\000a\000n\000e\000r\000.\000p\000y\000\040\000F\000i\000l\000e\000\040\000R\000e\000f\000e\000r\000e\000n\000c\000e}{chapter.8}% 80
\BOOKMARK [1][-]{section.8.7}{\376\377\0008\000.\0007\000\040\000s\000c\000r\000i\000p\000t\000s\000/\000c\000r\000a\000w\000l\000e\000r\000s\000/\000c\000r\000a\000w\000l\000e\000r\000\137\000o\000r\000c\000h\000e\000s\000t\000r\000a\000t\000o\000r\000.\000p\000y\000\040\000F\000i\000l\000e\000\040\000R\000e\000f\000e\000r\000e\000n\000c\000e}{chapter.8}% 81
\BOOKMARK [1][-]{section.8.8}{\376\377\0008\000.\0008\000\040\000s\000c\000r\000i\000p\000t\000s\000/\000c\000r\000a\000w\000l\000e\000r\000s\000/\000d\000e\000p\000e\000n\000d\000e\000n\000c\000i\000e\000s\000/\000p\000u\000b\000c\000h\000e\000m\000.\000p\000y\000\040\000F\000i\000l\000e\000\040\000R\000e\000f\000e\000r\000e\000n\000c\000e}{chapter.8}% 82
\BOOKMARK [1][-]{section.8.9}{\376\377\0008\000.\0009\000\040\000s\000c\000r\000i\000p\000t\000s\000/\000c\000r\000a\000w\000l\000e\000r\000s\000/\000d\000e\000p\000e\000n\000d\000e\000n\000c\000i\000e\000s\000/\000s\000w\000i\000s\000s\000a\000d\000m\000e\000.\000p\000y\000\040\000F\000i\000l\000e\000\040\000R\000e\000f\000e\000r\000e\000n\000c\000e}{chapter.8}% 83
\BOOKMARK [1][-]{section.8.10}{\376\377\0008\000.\0001\0000\000\040\000s\000c\000r\000i\000p\000t\000s\000/\000c\000r\000a\000w\000l\000e\000r\000s\000/\000d\000e\000p\000e\000n\000d\000e\000n\000c\000i\000e\000s\000/\000s\000w\000i\000s\000s\000t\000a\000r\000g\000e\000t\000.\000p\000y\000\040\000F\000i\000l\000e\000\040\000R\000e\000f\000e\000r\000e\000n\000c\000e}{chapter.8}% 84
\BOOKMARK [1][-]{section.8.11}{\376\377\0008\000.\0001\0001\000\040\000s\000c\000r\000i\000p\000t\000s\000/\000m\000e\000r\000g\000e\000r\000.\000p\000y\000\040\000F\000i\000l\000e\000\040\000R\000e\000f\000e\000r\000e\000n\000c\000e}{chapter.8}% 85
\BOOKMARK [1][-]{section.8.12}{\376\377\0008\000.\0001\0002\000\040\000s\000c\000r\000i\000p\000t\000s\000/\000p\000i\000p\000e\000\137\000h\000a\000n\000d\000l\000e\000r\000.\000p\000y\000\040\000F\000i\000l\000e\000\040\000R\000e\000f\000e\000r\000e\000n\000c\000e}{chapter.8}% 86
\BOOKMARK [1][-]{section.8.13}{\376\377\0008\000.\0001\0003\000\040\000s\000c\000r\000i\000p\000t\000s\000/\000p\000o\000p\000u\000l\000a\000t\000e\000\137\000c\000h\000e\000m\000.\000p\000y\000\040\000F\000i\000l\000e\000\040\000R\000e\000f\000e\000r\000e\000n\000c\000e}{chapter.8}% 87
\BOOKMARK [0][-]{section*.40}{\376\377\000I\000n\000d\000e\000x}{}% 88
